<?xml version="1.0" encoding="UTF-8"?>
<!-- Generated by org.testng.reporters.JUnitReportReporter -->
<testsuite hostname="DESKTOP-DUERR93" failures="0" tests="1" name="TestPack.InvalidLoginTest" time="6.974" errors="0" timestamp="2024-06-09T21:28:31 IST" skipped="0">
  <testcase classname="TestPack.InvalidLoginTest" name="testInvalidLogin" time="6.974"/>
</testsuite> <!-- TestPack.InvalidLoginTest -->
