<?xml version="1.0" encoding="UTF-8"?>
<!-- Generated by org.testng.reporters.JUnitReportReporter -->
<testsuite hostname="DESKTOP-DUERR93" failures="0" tests="1" name="TestPack.OrderCreationTest" time="8.041" errors="0" timestamp="2024-06-09T21:28:31 IST" skipped="0">
  <testcase classname="TestPack.OrderCreationTest" name="createOrder" time="8.041"/>
</testsuite> <!-- TestPack.OrderCreationTest -->
