<?xml version="1.0" encoding="UTF-8"?>
<!-- Generated by org.testng.reporters.JUnitReportReporter -->
<testsuite hostname="DESKTOP-DUERR93" failures="0" tests="1" name="TestPack.OrderCreationTest" time="9.123" errors="0" timestamp="2024-06-08T23:53:51 IST" skipped="0">
  <testcase classname="TestPack.OrderCreationTest" name="createOrder" time="9.123"/>
</testsuite> <!-- TestPack.OrderCreationTest -->
