<?xml version="1.0" encoding="UTF-8"?>
<!-- Generated by org.testng.reporters.JUnitReportReporter -->
<testsuite hostname="DESKTOP-DUERR93" failures="0" tests="1" name="TestPack.LoginFunctionality" time="8.697" errors="0" timestamp="2024-06-07T00:17:15 IST" skipped="0">
  <testcase classname="TestPack.LoginFunctionality" name="LoginTest" time="8.697"/>
</testsuite> <!-- TestPack.LoginFunctionality -->
