<?xml version="1.0" encoding="UTF-8"?>
<!-- Generated by org.testng.reporters.JUnitReportReporter -->
<testsuite hostname="DESKTOP-DUERR93" failures="0" tests="1" name="TestPack.addProductToCartValidation" time="7.301" errors="0" timestamp="2024-06-09T20:49:34 IST" skipped="0">
  <testcase classname="TestPack.addProductToCartValidation" name="verifyProductAdditionToCart" time="7.301"/>
</testsuite> <!-- TestPack.addProductToCartValidation -->
