<?xml version="1.0" encoding="UTF-8"?>
<!-- Generated by org.testng.reporters.JUnitReportReporter -->
<testsuite hostname="DESKTOP-DUERR93" failures="0" tests="1" name="TestPack.removeProductToCartValidation" time="18.218" errors="0" timestamp="2024-06-09T21:28:31 IST" skipped="0">
  <testcase classname="TestPack.removeProductToCartValidation" name="verifyProductRemovalfromCart" time="18.218"/>
</testsuite> <!-- TestPack.removeProductToCartValidation -->
