<?xml version="1.0" encoding="UTF-8"?>
<!-- Generated by org.testng.reporters.JUnitReportReporter -->
<testsuite hostname="DESKTOP-DUERR93" failures="0" tests="1" name="TestPack.OrderCreationTest" time="15.590" errors="0" timestamp="2024-06-07T00:17:15 IST" skipped="0">
  <testcase classname="TestPack.OrderCreationTest" name="createOrder" time="15.590"/>
</testsuite> <!-- TestPack.OrderCreationTest -->
